d:\document\visual studio 2015\projects\csharpsdk\csharpsdk\debug\csharpsdk.pch
d:\document\visual studio 2015\projects\csharpsdk\csharpsdk\debug\vc140.pdb
d:\document\visual studio 2015\projects\csharpsdk\csharpsdk\debug\stdafx.obj
d:\document\visual studio 2015\projects\csharpsdk\csharpsdk\debug\ports.obj
d:\document\visual studio 2015\projects\csharpsdk\csharpsdk\debug\dllport_data.obj
d:\document\visual studio 2015\projects\csharpsdk\csharpsdk\debug\dllmain.obj
d:\document\visual studio 2015\projects\csharpsdk\csharpsdk\debug\assemblyinfo.obj
d:\document\visual studio 2015\projects\csharpsdk\csharpsdk\debug\.netframework,version=v4.5.2.assemblyattributes.obj
d:\document\visual studio 2015\projects\csharpsdk\csharpsdk\debug\.netframework,version=v4.5.2.assemblyattributes.asm
d:\document\visual studio 2015\projects\csharpsdk\debug\csharpsdk.lib
d:\document\visual studio 2015\projects\csharpsdk\debug\csharpsdk.exp
d:\document\visual studio 2015\projects\csharpsdk\debug\csharpsdk.dll
d:\document\visual studio 2015\projects\csharpsdk\debug\csharpsdk.pdb
d:\document\visual studio 2015\projects\csharpsdk\csharpsdk\debug\csharpsdk.tlog\cl.command.1.tlog
d:\document\visual studio 2015\projects\csharpsdk\csharpsdk\debug\csharpsdk.tlog\cl.read.1.tlog
d:\document\visual studio 2015\projects\csharpsdk\csharpsdk\debug\csharpsdk.tlog\cl.write.1.tlog
d:\document\visual studio 2015\projects\csharpsdk\csharpsdk\debug\csharpsdk.tlog\csharpsdk.write.1u.tlog
d:\document\visual studio 2015\projects\csharpsdk\csharpsdk\debug\csharpsdk.tlog\link.command.1.tlog
d:\document\visual studio 2015\projects\csharpsdk\csharpsdk\debug\csharpsdk.tlog\link.read.1.tlog
d:\document\visual studio 2015\projects\csharpsdk\csharpsdk\debug\csharpsdk.tlog\link.write.1.tlog
d:\document\visual studio 2015\projects\csharpsdk\csharpsdk\debug\csharpsdk.tlog\metagen.read.1.tlog
d:\document\visual studio 2015\projects\csharpsdk\csharpsdk\debug\csharpsdk.tlog\metagen.write.1.tlog
d:\document\visual studio 2015\projects\csharpsdk\csharpsdk\debug\csharpsdk.tlog\tzres.dll.bi
